<?xml version="1.0" encoding="UTF-8"?>
<!-- Generated by org.testng.reporters.JUnitXMLReporter -->
<testsuite hostname="INshivalis.local" name="regression" tests="6" failures="0" timestamp="20 Nov 2016 06:21:08 GMT" time="0.019" errors="0">
  <testcase name="verifyInvalidLoginIntoSpree" time="0.004" classname="login.LoginTest"/>
  <testcase name="verifyLoginIntoSpree" time="0.0" classname="login.LoginTest"/>
  <testcase name="verifyInvalidProdcutsSearch" time="0.0" classname="search.SearchProductsTest"/>
  <testcase name="verifySearchValidProduct" time="0.0" classname="search.SearchProductsTest"/>
  <testcase name="verifySerachByBrand" time="0.0" classname="search.SearchProductsTest"/>
  <testcase name="verifySerachByCategories" time="0.0" classname="search.SearchProductsTest"/>
</testsuite> <!-- regression -->
